# JRE version: OpenJDK Runtime Environment Zulu15.36+13-CA (15.0.5+3) (build 15.0.5+3-MTS)
# Java VM: OpenJDK 64-Bit Server VM Zulu15.36+13-CA (15.0.5+3-MTS, mixed mode, tiered, compressed oops, g1 gc, bsd-aarch64)
GC Precious Log:
 CPUs: 8 total, 8 available
 Memory: 16384M
 Large Page Support: Disabled
 NUMA Support: Disabled
 Compressed Oops: Enabled (Zero based)
 Heap Region Size: 2M
 Heap Min Capacity: 8M
 Heap Initial Capacity: 256M
 Heap Max Capacity: 4G
 Pre-touch: Disabled
 Parallel Workers: 8
 Concurrent Workers: 2
 Concurrent Refinement Workers: 8
 Periodic GC: Disabled
Heap:
 garbage-first heap   total 323584K, used 114149K [0x00000006c0000000, 0x00000007c0000000)
  region size 2048K, 17 young (34816K), 5 survivors (10240K)
 Metaspace       used 50475K, capacity 51289K, committed 51328K, reserved 1093632K
  class space    used 5987K, capacity 6251K, committed 6272K, reserved 1048576K
GC Heap History (20 events):
Event: 0.619 GC heap before
{Heap before GC invocations=2 (full 0):
 garbage-first heap   total 262144K, used 64192K [0x00000006c0000000, 0x00000007c0000000)
  region size 2048K, 26 young (53248K), 1 survivors (2048K)
 Metaspace       used 17979K, capacity 18262K, committed 18432K, reserved 1064960K
  class space    used 1886K, capacity 1982K, committed 2048K, reserved 1048576K
}
Event: 0.620 GC heap after
{Heap after GC invocations=3 (full 0):
 garbage-first heap   total 262144K, used 16600K [0x00000006c0000000, 0x00000007c0000000)
  region size 2048K, 2 young (4096K), 2 survivors (4096K)
 Metaspace       used 17979K, capacity 18262K, committed 18432K, reserved 1064960K
  class space    used 1886K, capacity 1982K, committed 2048K, reserved 1048576K
}
Event: 0.767 GC heap before
{Heap before GC invocations=3 (full 0):
 garbage-first heap   total 262144K, used 59608K [0x00000006c0000000, 0x00000007c0000000)
  region size 2048K, 23 young (47104K), 2 survivors (4096K)
 Metaspace       used 20809K, capacity 21201K, committed 21248K, reserved 1069056K
  class space    used 2126K, capacity 2274K, committed 2304K, reserved 1048576K
}
Event: 0.773 GC heap after
{Heap after GC invocations=4 (full 0):
 garbage-first heap   total 262144K, used 37828K [0x00000006c0000000, 0x00000007c0000000)
  region size 2048K, 10 young (20480K), 10 survivors (20480K)
 Metaspace       used 20809K, capacity 21201K, committed 21248K, reserved 1069056K
  class space    used 2126K, capacity 2274K, committed 2304K, reserved 1048576K
}
Event: 0.891 GC heap before
{Heap before GC invocations=5 (full 0):
 garbage-first heap   total 137216K, used 134084K [0x00000006c0000000, 0x00000007c0000000)
  region size 2048K, 58 young (118784K), 10 survivors (20480K)
 Metaspace       used 20890K, capacity 21268K, committed 21504K, reserved 1069056K
  class space    used 2131K, capacity 2275K, committed 2304K, reserved 1048576K
}
Event: 0.904 GC heap after
{Heap after GC invocations=6 (full 0):
 garbage-first heap   total 172032K, used 51679K [0x00000006c0000000, 0x00000007c0000000)
  region size 2048K, 7 young (14336K), 7 survivors (14336K)
 Metaspace       used 20890K, capacity 21268K, committed 21504K, reserved 1069056K
  class space    used 2131K, capacity 2275K, committed 2304K, reserved 1048576K
}
Event: 1.084 GC heap before
{Heap before GC invocations=6 (full 0):
 garbage-first heap   total 172032K, used 119263K [0x00000006c0000000, 0x00000007c0000000)
  region size 2048K, 40 young (81920K), 7 survivors (14336K)
 Metaspace       used 22986K, capacity 23459K, committed 23680K, reserved 1071104K
  class space    used 2406K, capacity 2576K, committed 2688K, reserved 1048576K
}
Event: 1.093 GC heap after
{Heap after GC invocations=7 (full 0):
 garbage-first heap   total 233472K, used 68351K [0x00000006c0000000, 0x00000007c0000000)
  region size 2048K, 5 young (10240K), 5 survivors (10240K)
 Metaspace       used 22986K, capacity 23459K, committed 23680K, reserved 1071104K
  class space    used 2406K, capacity 2576K, committed 2688K, reserved 1048576K
}
Event: 1.296 GC heap before
{Heap before GC invocations=7 (full 0):
 garbage-first heap   total 233472K, used 158463K [0x00000006c0000000, 0x00000007c0000000)
  region size 2048K, 49 young (100352K), 5 survivors (10240K)
 Metaspace       used 29198K, capacity 29716K, committed 29824K, reserved 1075200K
  class space    used 3198K, capacity 3372K, committed 3456K, reserved 1048576K
}
Event: 1.302 GC heap after
{Heap after GC invocations=8 (full 0):
 garbage-first heap   total 233472K, used 74692K [0x00000006c0000000, 0x00000007c0000000)
  region size 2048K, 2 young (4096K), 2 survivors (4096K)
 Metaspace       used 29198K, capacity 29716K, committed 29824K, reserved 1075200K
  class space    used 3198K, capacity 3372K, committed 3456K, reserved 1048576K
}
Event: 1.426 GC heap before
{Heap before GC invocations=8 (full 0):
 garbage-first heap   total 233472K, used 164804K [0x00000006c0000000, 0x00000007c0000000)
  region size 2048K, 47 young (96256K), 2 survivors (4096K)
 Metaspace       used 33955K, capacity 34605K, committed 34688K, reserved 1079296K
  class space    used 3724K, capacity 3953K, committed 3968K, reserved 1048576K
}
Event: 1.432 GC heap after
{Heap after GC invocations=9 (full 0):
 garbage-first heap   total 233472K, used 77390K [0x00000006c0000000, 0x00000007c0000000)
  region size 2048K, 4 young (8192K), 4 survivors (8192K)
 Metaspace       used 33955K, capacity 34605K, committed 34688K, reserved 1079296K
  class space    used 3724K, capacity 3953K, committed 3968K, reserved 1048576K
}
Event: 1.558 GC heap before
{Heap before GC invocations=9 (full 0):
 garbage-first heap   total 233472K, used 169550K [0x00000006c0000000, 0x00000007c0000000)
  region size 2048K, 50 young (102400K), 4 survivors (8192K)
 Metaspace       used 34137K, capacity 34733K, committed 34944K, reserved 1081344K
  class space    used 3742K, capacity 3953K, committed 3968K, reserved 1048576K
}
Event: 1.562 GC heap after
{Heap after GC invocations=10 (full 0):
 garbage-first heap   total 233472K, used 82033K [0x00000006c0000000, 0x00000007c0000000)
  region size 2048K, 6 young (12288K), 6 survivors (12288K)
 Metaspace       used 34137K, capacity 34733K, committed 34944K, reserved 1081344K
  class space    used 3742K, capacity 3953K, committed 3968K, reserved 1048576K
}
Event: 1.576 GC heap before
{Heap before GC invocations=10 (full 0):
 garbage-first heap   total 233472K, used 96369K [0x00000006c0000000, 0x00000007c0000000)
  region size 2048K, 15 young (30720K), 6 survivors (12288K)
 Metaspace       used 35251K, capacity 35743K, committed 35840K, reserved 1081344K
  class space    used 3871K, capacity 4053K, committed 4096K, reserved 1048576K
}
Event: 1.580 GC heap after
{Heap after GC invocations=11 (full 0):
 garbage-first heap   total 323584K, used 82968K [0x00000006c0000000, 0x00000007c0000000)
  region size 2048K, 3 young (6144K), 3 survivors (6144K)
 Metaspace       used 35251K, capacity 35743K, committed 35840K, reserved 1081344K
  class space    used 3871K, capacity 4053K, committed 4096K, reserved 1048576K
}
Event: 1.777 GC heap before
{Heap before GC invocations=12 (full 0):
 garbage-first heap   total 323584K, used 246808K [0x00000006c0000000, 0x00000007c0000000)
  region size 2048K, 84 young (172032K), 3 survivors (6144K)
 Metaspace       used 44757K, capacity 45449K, committed 45824K, reserved 1089536K
  class space    used 5054K, capacity 5250K, committed 5376K, reserved 1048576K
}
Event: 1.782 GC heap after
{Heap after GC invocations=13 (full 0):
 garbage-first heap   total 323584K, used 92923K [0x00000006c0000000, 0x00000007c0000000)
  region size 2048K, 8 young (16384K), 8 survivors (16384K)
 Metaspace       used 44757K, capacity 45449K, committed 45824K, reserved 1089536K
  class space    used 5054K, capacity 5250K, committed 5376K, reserved 1048576K
}
Event: 2.033 GC heap before
{Heap before GC invocations=14 (full 0):
 garbage-first heap   total 323584K, used 252667K [0x00000006c0000000, 0x00000007c0000000)
  region size 2048K, 87 young (178176K), 8 survivors (16384K)
 Metaspace       used 49654K, capacity 50355K, committed 50432K, reserved 1093632K
  class space    used 5888K, capacity 6138K, committed 6144K, reserved 1048576K
}
Event: 2.038 GC heap after
{Heap after GC invocations=15 (full 0):
 garbage-first heap   total 323584K, used 91621K [0x00000006c0000000, 0x00000007c0000000)
  region size 2048K, 5 young (10240K), 5 survivors (10240K)
 Metaspace       used 49654K, capacity 50355K, committed 50432K, reserved 1093632K
  class space    used 5888K, capacity 6138K, committed 6144K, reserved 1048576K
}

