# JRE version: OpenJDK Runtime Environment Zulu15.36+13-CA (15.0.5+3) (build 15.0.5+3-MTS)
# Java VM: OpenJDK 64-Bit Server VM Zulu15.36+13-CA (15.0.5+3-MTS, mixed mode, tiered, compressed oops, g1 gc, bsd-aarch64)
GC Precious Log:
 CPUs: 8 total, 8 available
 Memory: 16384M
 Large Page Support: Disabled
 NUMA Support: Disabled
 Compressed Oops: Enabled (Zero based)
 Heap Region Size: 2M
 Heap Min Capacity: 8M
 Heap Initial Capacity: 256M
 Heap Max Capacity: 4G
 Pre-touch: Disabled
 Parallel Workers: 8
 Concurrent Workers: 2
 Concurrent Refinement Workers: 8
 Periodic GC: Disabled
Heap:
 garbage-first heap   total 397312K, used 135116K [0x00000006c0000000, 0x00000007c0000000)
  region size 2048K, 20 young (40960K), 7 survivors (14336K)
 Metaspace       used 97065K, capacity 98029K, committed 98336K, reserved 1136640K
  class space    used 11758K, capacity 12089K, committed 12096K, reserved 1048576K
GC Heap History (20 events):
Event: 1.251 GC heap before
{Heap before GC invocations=7 (full 0):
 garbage-first heap   total 227328K, used 154155K [0x00000006c0000000, 0x00000007c0000000)
  region size 2048K, 47 young (96256K), 5 survivors (10240K)
 Metaspace       used 28807K, capacity 29249K, committed 29440K, reserved 1075200K
  class space    used 3144K, capacity 3324K, committed 3328K, reserved 1048576K
}
Event: 1.257 GC heap after
{Heap after GC invocations=8 (full 0):
 garbage-first heap   total 227328K, used 74568K [0x00000006c0000000, 0x00000007c0000000)
  region size 2048K, 3 young (6144K), 3 survivors (6144K)
 Metaspace       used 28807K, capacity 29249K, committed 29440K, reserved 1075200K
  class space    used 3144K, capacity 3324K, committed 3328K, reserved 1048576K
}
Event: 1.370 GC heap before
{Heap before GC invocations=8 (full 0):
 garbage-first heap   total 227328K, used 158536K [0x00000006c0000000, 0x00000007c0000000)
  region size 2048K, 45 young (92160K), 3 survivors (6144K)
 Metaspace       used 33925K, capacity 34430K, committed 34688K, reserved 1079296K
  class space    used 3717K, capacity 3892K, committed 3968K, reserved 1048576K
}
Event: 1.374 GC heap after
{Heap after GC invocations=9 (full 0):
 garbage-first heap   total 227328K, used 76492K [0x00000006c0000000, 0x00000007c0000000)
  region size 2048K, 4 young (8192K), 4 survivors (8192K)
 Metaspace       used 33925K, capacity 34430K, committed 34688K, reserved 1079296K
  class space    used 3717K, capacity 3892K, committed 3968K, reserved 1048576K
}
Event: 1.510 GC heap before
{Heap before GC invocations=9 (full 0):
 garbage-first heap   total 227328K, used 166604K [0x00000006c0000000, 0x00000007c0000000)
  region size 2048K, 48 young (98304K), 4 survivors (8192K)
 Metaspace       used 33984K, capacity 34558K, committed 34688K, reserved 1079296K
  class space    used 3718K, capacity 3892K, committed 3968K, reserved 1048576K
}
Event: 1.514 GC heap after
{Heap after GC invocations=10 (full 0):
 garbage-first heap   total 227328K, used 81075K [0x00000006c0000000, 0x00000007c0000000)
  region size 2048K, 6 young (12288K), 6 survivors (12288K)
 Metaspace       used 33984K, capacity 34558K, committed 34688K, reserved 1079296K
  class space    used 3718K, capacity 3892K, committed 3968K, reserved 1048576K
}
Event: 1.559 GC heap before
{Heap before GC invocations=10 (full 0):
 garbage-first heap   total 227328K, used 107699K [0x00000006c0000000, 0x00000007c0000000)
  region size 2048K, 21 young (43008K), 6 survivors (12288K)
 Metaspace       used 35251K, capacity 35760K, committed 35840K, reserved 1081344K
  class space    used 3866K, capacity 4056K, committed 4096K, reserved 1048576K
}
Event: 1.565 GC heap after
{Heap after GC invocations=11 (full 0):
 garbage-first heap   total 309248K, used 82488K [0x00000006c0000000, 0x00000007c0000000)
  region size 2048K, 4 young (8192K), 4 survivors (8192K)
 Metaspace       used 35251K, capacity 35760K, committed 35840K, reserved 1081344K
  class space    used 3866K, capacity 4056K, committed 4096K, reserved 1048576K
}
Event: 1.801 GC heap before
{Heap before GC invocations=12 (full 0):
 garbage-first heap   total 309248K, used 236088K [0x00000006c0000000, 0x00000007c0000000)
  region size 2048K, 80 young (163840K), 4 survivors (8192K)
 Metaspace       used 44548K, capacity 45211K, committed 45312K, reserved 1089536K
  class space    used 5030K, capacity 5277K, committed 5376K, reserved 1048576K
}
Event: 1.806 GC heap after
{Heap after GC invocations=13 (full 0):
 garbage-first heap   total 309248K, used 90862K [0x00000006c0000000, 0x00000007c0000000)
  region size 2048K, 8 young (16384K), 8 survivors (16384K)
 Metaspace       used 44548K, capacity 45211K, committed 45312K, reserved 1089536K
  class space    used 5030K, capacity 5277K, committed 5376K, reserved 1048576K
}
Event: 2.026 GC heap before
{Heap before GC invocations=14 (full 0):
 garbage-first heap   total 309248K, used 242414K [0x00000006c0000000, 0x00000007c0000000)
  region size 2048K, 82 young (167936K), 8 survivors (16384K)
 Metaspace       used 49194K, capacity 49940K, committed 50176K, reserved 1093632K
  class space    used 5839K, capacity 6079K, committed 6144K, reserved 1048576K
}
Event: 2.031 GC heap after
{Heap after GC invocations=15 (full 0):
 garbage-first heap   total 309248K, used 94663K [0x00000006c0000000, 0x00000007c0000000)
  region size 2048K, 7 young (14336K), 7 survivors (14336K)
 Metaspace       used 49194K, capacity 49940K, committed 50176K, reserved 1093632K
  class space    used 5839K, capacity 6079K, committed 6144K, reserved 1048576K
}
Event: 2.920 GC heap before
{Heap before GC invocations=15 (full 0):
 garbage-first heap   total 309248K, used 244167K [0x00000006c0000000, 0x00000007c0000000)
  region size 2048K, 80 young (163840K), 7 survivors (14336K)
 Metaspace       used 57159K, capacity 57966K, committed 58112K, reserved 1099776K
  class space    used 6815K, capacity 7062K, committed 7168K, reserved 1048576K
}
Event: 2.930 GC heap after
{Heap after GC invocations=16 (full 0):
 garbage-first heap   total 309248K, used 98668K [0x00000006c0000000, 0x00000007c0000000)
  region size 2048K, 7 young (14336K), 7 survivors (14336K)
 Metaspace       used 57159K, capacity 57966K, committed 58112K, reserved 1099776K
  class space    used 6815K, capacity 7062K, committed 7168K, reserved 1048576K
}
Event: 3.401 GC heap before
{Heap before GC invocations=16 (full 0):
 garbage-first heap   total 309248K, used 239980K [0x00000006c0000000, 0x00000007c0000000)
  region size 2048K, 77 young (157696K), 7 survivors (14336K)
 Metaspace       used 69516K, capacity 70343K, committed 70528K, reserved 1112064K
  class space    used 8291K, capacity 8576K, committed 8576K, reserved 1048576K
}
Event: 3.407 GC heap after
{Heap after GC invocations=17 (full 0):
 garbage-first heap   total 411648K, used 103292K [0x00000006c0000000, 0x00000007c0000000)
  region size 2048K, 8 young (16384K), 8 survivors (16384K)
 Metaspace       used 69516K, capacity 70343K, committed 70528K, reserved 1112064K
  class space    used 8291K, capacity 8576K, committed 8576K, reserved 1048576K
}
Event: 7.154 GC heap before
{Heap before GC invocations=17 (full 0):
 garbage-first heap   total 411648K, used 174972K [0x00000006c0000000, 0x00000007c0000000)
  region size 2048K, 44 young (90112K), 8 survivors (16384K)
 Metaspace       used 75333K, capacity 76226K, committed 76384K, reserved 1116160K
  class space    used 8982K, capacity 9320K, committed 9344K, reserved 1048576K
}
Event: 7.160 GC heap after
{Heap after GC invocations=18 (full 0):
 garbage-first heap   total 411648K, used 106142K [0x00000006c0000000, 0x00000007c0000000)
  region size 2048K, 9 young (18432K), 9 survivors (18432K)
 Metaspace       used 75333K, capacity 76226K, committed 76384K, reserved 1116160K
  class space    used 8982K, capacity 9320K, committed 9344K, reserved 1048576K
}
Event: 7.801 GC heap before
{Heap before GC invocations=19 (full 0):
 garbage-first heap   total 397312K, used 331422K [0x00000006c0000000, 0x00000007c0000000)
  region size 2048K, 120 young (245760K), 9 survivors (18432K)
 Metaspace       used 95088K, capacity 96042K, committed 96288K, reserved 1134592K
  class space    used 11498K, capacity 11832K, committed 11840K, reserved 1048576K
}
Event: 7.811 GC heap after
{Heap after GC invocations=20 (full 0):
 garbage-first heap   total 397312K, used 110540K [0x00000006c0000000, 0x00000007c0000000)
  region size 2048K, 7 young (14336K), 7 survivors (14336K)
 Metaspace       used 95088K, capacity 96042K, committed 96288K, reserved 1134592K
  class space    used 11498K, capacity 11832K, committed 11840K, reserved 1048576K
}

